<?xml version="1.0" encoding="UTF-8"?>
<!-- Generated by org.testng.reporters.JUnitXMLReporter -->
<testsuite ignored="0" hostname="Nanda" failures="1" tests="1" name="Surefire test" time="25.69" errors="0" timestamp="2025-12-03T11:31:36 BOT">
  <testcase classname="AgendarCitaClienteTest" name="agendarCitaComoCliente" time="23.546">
    <failure type="java.lang.AssertionError" message="No hay reservas registradas. expected [true] but found [false]">
      <![CDATA[java.lang.AssertionError: No hay reservas registradas. expected [true] but found [false]
at AgendarCitaClienteTest.agendarCitaComoCliente(AgendarCitaClienteTest.java:179)
at java.base/java.util.ArrayList.forEach(ArrayList.java:1596)
... Removed 33 stack frames]]>
    </failure>
  </testcase> <!-- agendarCitaComoCliente -->
</testsuite> <!-- Surefire test -->
