<?xml version="1.0" encoding="UTF-8"?>
<!-- Generated by org.testng.reporters.JUnitXMLReporter -->
<testsuite ignored="0" hostname="Nanda" failures="1" tests="1" name="Surefire test" time="2.744" errors="0" timestamp="2025-11-23T23:53:03 BOT">
  <testcase classname="AgendarCitaClienteTest" name="agendarCitaComoCliente" time="0.697">
    <failure type="org.openqa.selenium.ElementNotInteractableException" message="element not interactable: element has zero size
  (Session info: MicrosoftEdge=142.0.3595.94)
Build info: version: &amp;apos;4.14.0&amp;apos;, revision: &amp;apos;e5a96349ce&amp;apos;
System info: os.name: &amp;apos;Windows 11&amp;apos;, os.arch: &amp;apos;amd64&amp;apos;, os.version: &amp;apos;10.0&amp;apos;, java.version: &amp;apos;21.0.9&amp;apos;
Driver info: org.openqa.selenium.edge.EdgeDriver
Command: [fc734d9be3cfda9f2d660a2ea49572a5, clickElement {id=f.77233C8F77C8B3BF22E2A69F472776CE.d.51F2FB9E27211603398FBB90CD9930C8.e.24}]
Capabilities {acceptInsecureCerts: false, browserName: MicrosoftEdge, browserVersion: 142.0.3595.94, fedcm:accounts: true, goog:processID: 8828, ms:edgeOptions: {debuggerAddress: localhost:63114}, msedge: {msedgedriverVersion: 142.0.3595.94 (6565d6e52817..., userDataDir: C:\Users\Nanda\AppData\Loca...}, networkConnectionEnabled: false, pageLoadStrategy: normal, platformName: windows, proxy: Proxy(), se:cdp: ws://localhost:63114/devtoo..., se:cdpVersion: 142.0.3595.94, setWindowRect: true, strictFileInteractability: false, timeouts: {implicit: 0, pageLoad: 300000, script: 30000}, unhandledPromptBehavior: dismiss and notify, webauthn:extension:credBlob: true, webauthn:extension:largeBlob: true, webauthn:extension:minPinLength: true, webauthn:extension:prf: true, webauthn:virtualAuthenticators: true}
Element: [[EdgeDriver: MicrosoftEdge on windows (fc734d9be3cfda9f2d660a2ea49572a5)] -&amp;gt; xpath: /html/body/header/div/div/a/button]
Session ID: fc734d9be3cfda9f2d660a2ea49572a5">
      <![CDATA[org.openqa.selenium.ElementNotInteractableException: element not interactable: element has zero size
  (Session info: MicrosoftEdge=142.0.3595.94)
Build info: version: '4.14.0', revision: 'e5a96349ce'
System info: os.name: 'Windows 11', os.arch: 'amd64', os.version: '10.0', java.version: '21.0.9'
Driver info: org.openqa.selenium.edge.EdgeDriver
Command: [fc734d9be3cfda9f2d660a2ea49572a5, clickElement {id=f.77233C8F77C8B3BF22E2A69F472776CE.d.51F2FB9E27211603398FBB90CD9930C8.e.24}]
Capabilities {acceptInsecureCerts: false, browserName: MicrosoftEdge, browserVersion: 142.0.3595.94, fedcm:accounts: true, goog:processID: 8828, ms:edgeOptions: {debuggerAddress: localhost:63114}, msedge: {msedgedriverVersion: 142.0.3595.94 (6565d6e52817..., userDataDir: C:\Users\Nanda\AppData\Loca...}, networkConnectionEnabled: false, pageLoadStrategy: normal, platformName: windows, proxy: Proxy(), se:cdp: ws://localhost:63114/devtoo..., se:cdpVersion: 142.0.3595.94, setWindowRect: true, strictFileInteractability: false, timeouts: {implicit: 0, pageLoad: 300000, script: 30000}, unhandledPromptBehavior: dismiss and notify, webauthn:extension:credBlob: true, webauthn:extension:largeBlob: true, webauthn:extension:minPinLength: true, webauthn:extension:prf: true, webauthn:virtualAuthenticators: true}
Element: [[EdgeDriver: MicrosoftEdge on windows (fc734d9be3cfda9f2d660a2ea49572a5)] -> xpath: /html/body/header/div/div/a/button]
Session ID: fc734d9be3cfda9f2d660a2ea49572a5
at org.openqa.selenium.remote.codec.w3c.W3CHttpResponseCodec.createException(W3CHttpResponseCodec.java:200)
at org.openqa.selenium.remote.codec.w3c.W3CHttpResponseCodec.decode(W3CHttpResponseCodec.java:133)
at org.openqa.selenium.remote.codec.w3c.W3CHttpResponseCodec.decode(W3CHttpResponseCodec.java:52)
at org.openqa.selenium.remote.HttpCommandExecutor.execute(HttpCommandExecutor.java:191)
at org.openqa.selenium.remote.service.DriverCommandExecutor.invokeExecute(DriverCommandExecutor.java:196)
at org.openqa.selenium.remote.service.DriverCommandExecutor.execute(DriverCommandExecutor.java:171)
at org.openqa.selenium.remote.RemoteWebDriver.execute(RemoteWebDriver.java:602)
at org.openqa.selenium.remote.RemoteWebElement.execute(RemoteWebElement.java:224)
at org.openqa.selenium.remote.RemoteWebElement.click(RemoteWebElement.java:77)
at AgendarCitaClienteTest.agendarCitaComoCliente(AgendarCitaClienteTest.java:52)
at java.base/java.util.ArrayList.forEach(ArrayList.java:1596)
... Removed 33 stack frames]]>
    </failure>
  </testcase> <!-- agendarCitaComoCliente -->
</testsuite> <!-- Surefire test -->
